<?xml version="1.0" encoding="UTF-8"?>
<beans xmlns="http://www.springframework.org/schema/beans"
		xmlns:c="http://www.springframework.org/schema/c"
		xmlns:p="http://www.springframework.org/schema/p"
		xmlns:context="http://www.springframework.org/schema/context"
		xmlns:xsi="http://www.w3.org/2001/XMLSchema-instance"
		xsi:schemaLocation="
		http://www.springframework.org/schema/beans   http://www.springframework.org/schema/beans/spring-beans-3.2.xsd
		http://www.springframework.org/schema/context http://www.springframework.org/schema/context/spring-context-3.2.xsd">

	<context:property-placeholder location="file:${user.home}/.db-properties" />

	<bean id="CESDataSource" class="com.zaxxer.hikari.HikariDataSource">
		<constructor-arg name="configuration">
			<bean class="com.zaxxer.hikari.HikariConfig"
					p:dataSourceClassName="oracle.jdbc.pool.OracleDataSource"
					p:username="${cesprd.user}"
					p:password="${cesprd.pass}"
					p:autoCommit="false"
					p:readOnly="true"
					p:connectionTimeout="30000"
					p:idleTimeout="600000"
					p:minimumIdle="2"
					p:maximumPoolSize="5"
					p:poolName="cesPool">
				<property name="dataSourceProperties">
					<props>
						<prop key="url">${cesprd.url}</prop>
					</props>
				</property>
			</bean>
		</constructor-arg>
	</bean>

	<bean id="CESTransactionManager" class="org.springframework.jdbc.datasource.DataSourceTransactionManager"
			c:dataSource-ref="CESDataSource" />
</beans>